

Started GET "/" for 127.0.0.1 at 2022-10-06 21:26:11 -0400
Processing by Rails::WelcomeController#index as HTML
  Rendered /home/liehuozhizun/.rbenv/versions/2.6.6/lib/ruby/gems/2.6.0/gems/railties-4.2.11/lib/rails/templates/rails/welcome/index.html.erb (11.1ms)
Completed 200 OK in 61ms (Views: 60.7ms | ActiveRecord: 0.0ms)


Started GET "/" for ::1 at 2022-10-28 23:53:39 -0400
  [1m[36mActiveRecord::SchemaMigration Load (0.0ms)[0m  [1mSELECT "schema_migrations".* FROM "schema_migrations"[0m
Processing by Rails::WelcomeController#index as HTML
  Rendered /Users/jackwang/.rbenv/versions/2.6.6/lib/ruby/gems/2.6.0/gems/railties-4.2.10/lib/rails/templates/rails/welcome/index.html.erb (1.2ms)
Completed 200 OK in 10ms (Views: 6.6ms | ActiveRecord: 0.0ms)


Started GET "/rails/info/routes" for ::1 at 2022-10-28 23:53:51 -0400
Processing by Rails::InfoController#routes as HTML
  Rendered /Users/jackwang/.rbenv/versions/2.6.6/lib/ruby/gems/2.6.0/gems/actionpack-4.2.10/lib/action_dispatch/middleware/templates/routes/_route.html.erb (2.6ms)
  Rendered /Users/jackwang/.rbenv/versions/2.6.6/lib/ruby/gems/2.6.0/gems/actionpack-4.2.10/lib/action_dispatch/middleware/templates/routes/_table.html.erb (13.5ms)
  Rendered /Users/jackwang/.rbenv/versions/2.6.6/lib/ruby/gems/2.6.0/gems/railties-4.2.10/lib/rails/templates/rails/info/routes.html.erb within layouts/application (24.3ms)
Completed 200 OK in 36ms (Views: 35.0ms | ActiveRecord: 0.0ms)


Started GET "/users" for ::1 at 2022-10-28 23:54:15 -0400

AbstractController::ActionNotFound (The action 'index' could not be found for UsersController):
  actionpack (4.2.10) lib/abstract_controller/base.rb:132:in `process'
  actionview (4.2.10) lib/action_view/rendering.rb:30:in `process'
  actionpack (4.2.10) lib/action_controller/metal.rb:196:in `dispatch'
  actionpack (4.2.10) lib/action_controller/metal/rack_delegation.rb:13:in `dispatch'
  actionpack (4.2.10) lib/action_controller/metal.rb:237:in `block in action'
  actionpack (4.2.10) lib/action_dispatch/routing/route_set.rb:74:in `dispatch'
  actionpack (4.2.10) lib/action_dispatch/routing/route_set.rb:43:in `serve'
  actionpack (4.2.10) lib/action_dispatch/journey/router.rb:43:in `block in serve'
  actionpack (4.2.10) lib/action_dispatch/journey/router.rb:30:in `each'
  actionpack (4.2.10) lib/action_dispatch/journey/router.rb:30:in `serve'
  actionpack (4.2.10) lib/action_dispatch/routing/route_set.rb:817:in `call'
  rack (1.6.13) lib/rack/etag.rb:24:in `call'
  rack (1.6.13) lib/rack/conditionalget.rb:25:in `call'
  rack (1.6.13) lib/rack/head.rb:13:in `call'
  actionpack (4.2.10) lib/action_dispatch/middleware/params_parser.rb:27:in `call'
  actionpack (4.2.10) lib/action_dispatch/middleware/flash.rb:260:in `call'
  rack (1.6.13) lib/rack/session/abstract/id.rb:252:in `context'
  rack (1.6.13) lib/rack/session/abstract/id.rb:247:in `call'
  actionpack (4.2.10) lib/action_dispatch/middleware/cookies.rb:560:in `call'
  activerecord (4.2.10) lib/active_record/query_cache.rb:36:in `call'
  activerecord (4.2.10) lib/active_record/connection_adapters/abstract/connection_pool.rb:653:in `call'
  activerecord (4.2.10) lib/active_record/migration.rb:377:in `call'
  actionpack (4.2.10) lib/action_dispatch/middleware/callbacks.rb:29:in `block in call'
  activesupport (4.2.10) lib/active_support/callbacks.rb:88:in `__run_callbacks__'
  activesupport (4.2.10) lib/active_support/callbacks.rb:778:in `_run_call_callbacks'
  activesupport (4.2.10) lib/active_support/callbacks.rb:81:in `run_callbacks'
  actionpack (4.2.10) lib/action_dispatch/middleware/callbacks.rb:27:in `call'
  actionpack (4.2.10) lib/action_dispatch/middleware/reloader.rb:73:in `call'
  actionpack (4.2.10) lib/action_dispatch/middleware/remote_ip.rb:78:in `call'
  actionpack (4.2.10) lib/action_dispatch/middleware/debug_exceptions.rb:17:in `call'
  actionpack (4.2.10) lib/action_dispatch/middleware/show_exceptions.rb:30:in `call'
  railties (4.2.10) lib/rails/rack/logger.rb:38:in `call_app'
  railties (4.2.10) lib/rails/rack/logger.rb:20:in `block in call'
  activesupport (4.2.10) lib/active_support/tagged_logging.rb:68:in `block in tagged'
  activesupport (4.2.10) lib/active_support/tagged_logging.rb:26:in `tagged'
  activesupport (4.2.10) lib/active_support/tagged_logging.rb:68:in `tagged'
  railties (4.2.10) lib/rails/rack/logger.rb:20:in `call'
  actionpack (4.2.10) lib/action_dispatch/middleware/request_id.rb:21:in `call'
  rack (1.6.13) lib/rack/methodoverride.rb:22:in `call'
  rack (1.6.13) lib/rack/runtime.rb:18:in `call'
  activesupport (4.2.10) lib/active_support/cache/strategy/local_cache_middleware.rb:28:in `call'
  rack (1.6.13) lib/rack/lock.rb:17:in `call'
  actionpack (4.2.10) lib/action_dispatch/middleware/static.rb:120:in `call'
  rack (1.6.13) lib/rack/sendfile.rb:113:in `call'
  railties (4.2.10) lib/rails/engine.rb:518:in `call'
  railties (4.2.10) lib/rails/application.rb:165:in `call'
  rack (1.6.13) lib/rack/lock.rb:17:in `call'
  rack (1.6.13) lib/rack/content_length.rb:15:in `call'
  rack (1.6.13) lib/rack/handler/webrick.rb:88:in `service'
  /Users/jackwang/.rbenv/versions/2.6.6/lib/ruby/2.6.0/webrick/httpserver.rb:140:in `service'
  /Users/jackwang/.rbenv/versions/2.6.6/lib/ruby/2.6.0/webrick/httpserver.rb:96:in `run'
  /Users/jackwang/.rbenv/versions/2.6.6/lib/ruby/2.6.0/webrick/server.rb:307:in `block in start_thread'


  Rendered /Users/jackwang/.rbenv/versions/2.6.6/lib/ruby/gems/2.6.0/gems/actionpack-4.2.10/lib/action_dispatch/middleware/templates/rescues/unknown_action.html.erb within rescues/layout (0.4ms)


Started GET "/users/new" for ::1 at 2022-10-28 23:54:21 -0400
Processing by UsersController#new as HTML
  Rendered users/new.html.erb within layouts/application (0.6ms)
Completed 200 OK in 372ms (Views: 370.0ms | ActiveRecord: 0.0ms)


Started GET "/assets/users.self-e3b0c44298fc1c149afbf4c8996fb92427ae41e4649b934ca495991b7852b855.css?body=1" for ::1 at 2022-10-28 23:54:21 -0400


Started GET "/assets/users.self-19a187bec6cdb96d6de80a61c16c857c613536adf9138476bd367db38d282635.js?body=1" for ::1 at 2022-10-28 23:54:21 -0400


Started GET "/assets/jquery.self-bd7ddd393353a8d2480a622e80342adf488fb6006d667e8b42e4c0073393abee.js?body=1" for ::1 at 2022-10-28 23:54:21 -0400


Started GET "/users/new" for ::1 at 2022-10-28 23:57:56 -0400
Processing by UsersController#new as HTML
  Rendered users/new.html.erb within layouts/application (9.1ms)
Completed 200 OK in 43ms (Views: 33.9ms | ActiveRecord: 0.4ms)


Started GET "/users/new" for ::1 at 2022-10-28 23:58:07 -0400
Processing by UsersController#new as HTML
  Rendered users/new.html.erb within layouts/application (3.8ms)
Completed 200 OK in 46ms (Views: 41.6ms | ActiveRecord: 0.0ms)


Started GET "/users/new" for ::1 at 2022-10-29 00:00:41 -0400
  [1m[36mActiveRecord::SchemaMigration Load (0.0ms)[0m  [1mSELECT "schema_migrations".* FROM "schema_migrations"[0m
Processing by UsersController#new as HTML
  Rendered users/new.html.erb within layouts/application (7.9ms)
Completed 500 Internal Server Error in 22ms (ActiveRecord: 0.2ms)

ActionView::Template::Error (undefined method `label_field' for #<ActionView::Helpers::FormBuilder:0x000000013ff7d498>):
    1: <h1>Users#new</h1>
    2: 
    3: <%= form_for @user do |f| %>
    4:   <%= f.label_field :name %>
    5:   <%= f.text_field :name %>
    6:   <%= f.text_field :gender %>
    7:   <%= submit_tag "Create" %>
  app/views/users/new.html.erb:4:in `block in _app_views_users_new_html_erb__3981489661964664679_2684004220'
  app/views/users/new.html.erb:3:in `_app_views_users_new_html_erb__3981489661964664679_2684004220'


  Rendered /Users/jackwang/.rbenv/versions/2.6.6/lib/ruby/gems/2.6.0/gems/actionpack-4.2.10/lib/action_dispatch/middleware/templates/rescues/_source.erb (5.4ms)
  Rendered /Users/jackwang/.rbenv/versions/2.6.6/lib/ruby/gems/2.6.0/gems/actionpack-4.2.10/lib/action_dispatch/middleware/templates/rescues/_trace.html.erb (2.0ms)
  Rendered /Users/jackwang/.rbenv/versions/2.6.6/lib/ruby/gems/2.6.0/gems/actionpack-4.2.10/lib/action_dispatch/middleware/templates/rescues/_request_and_response.html.erb (0.6ms)
  Rendered /Users/jackwang/.rbenv/versions/2.6.6/lib/ruby/gems/2.6.0/gems/actionpack-4.2.10/lib/action_dispatch/middleware/templates/rescues/template_error.html.erb within rescues/layout (14.7ms)


Started GET "/users/new" for ::1 at 2022-10-29 00:00:59 -0400
Processing by UsersController#new as HTML
  Rendered users/new.html.erb within layouts/application (40.5ms)
Completed 200 OK in 283ms (Views: 279.1ms | ActiveRecord: 0.0ms)


Started GET "/users/new" for ::1 at 2022-10-29 00:01:44 -0400
Processing by UsersController#new as HTML
  Rendered users/new.html.erb within layouts/application (4.5ms)
Completed 200 OK in 38ms (Views: 36.0ms | ActiveRecord: 0.0ms)
  [1m[36mActiveRecord::SchemaMigration Load (0.0ms)[0m  [1mSELECT "schema_migrations".* FROM "schema_migrations"[0m
  [1m[35mActiveRecord::SchemaMigration Load (0.0ms)[0m  SELECT "schema_migrations".* FROM "schema_migrations"
  [1m[36m (1.0ms)[0m  [1mCREATE TABLE "activities" ("aid" INTEGER PRIMARY KEY AUTOINCREMENT NOT NULL, "status" varchar, "coupon_id" integer, "fst_user" integer, "fst_accept" boolean, "snd_user" integer, "snd_accept" boolean) [0m
  [1m[35m (0.3ms)[0m  CREATE TABLE "coupons" ("cid" INTEGER PRIMARY KEY AUTOINCREMENT NOT NULL, "content" varchar, "name" varchar, "location" varchar, "original_price" varchar, "discount_price" varchar) 
  [1m[36m (0.3ms)[0m  [1mCREATE TABLE "interests" ("uid" integer, "interest1" varchar, "interest2" varchar, "interest3" varchar) [0m
  [1m[35m (0.3ms)[0m  CREATE TABLE "messages" ("mid" INTEGER PRIMARY KEY AUTOINCREMENT NOT NULL, "sender_id" integer, "receiver_id" integer, "timestamp" datetime, "message" varchar, "is_read" boolean) 
  [1m[36m (0.5ms)[0m  [1mCREATE TABLE "prompts" ("uid" integer, "answer1" varchar, "answer2" varchar, "answer3" varchar) [0m
  [1m[35m (0.4ms)[0m  CREATE TABLE "user_photos" ("uid" integer, "link" varchar, "type" varchar) 
  [1m[36m (0.3ms)[0m  [1mCREATE TABLE "users" ("uid" INTEGER PRIMARY KEY AUTOINCREMENT NOT NULL, "username" varchar, "password" varchar, "name" varchar, "gender" varchar, "birthday" datetime, "email" varchar, "created_time" datetime, "city" varchar, "profile_photo" varchar) [0m
  [1m[35m (0.4ms)[0m  CREATE TABLE "schema_migrations" ("version" varchar NOT NULL) 
  [1m[36m (0.0ms)[0m  [1mselect sqlite_version(*)[0m
  [1m[35m (0.3ms)[0m  CREATE UNIQUE INDEX "unique_schema_migrations" ON "schema_migrations" ("version")
  [1m[36m (0.0ms)[0m  [1mSELECT version FROM "schema_migrations"[0m
  [1m[35m (0.3ms)[0m  INSERT INTO "schema_migrations" (version) VALUES ('2022102807')
  [1m[36m (0.3ms)[0m  [1mINSERT INTO "schema_migrations" (version) VALUES ('2022100904')[0m
  [1m[35m (0.3ms)[0m  INSERT INTO "schema_migrations" (version) VALUES ('2022100901')
  [1m[36m (0.3ms)[0m  [1mINSERT INTO "schema_migrations" (version) VALUES ('2022102606')[0m
  [1m[35m (0.3ms)[0m  INSERT INTO "schema_migrations" (version) VALUES ('2022100902')
  [1m[36m (4.3ms)[0m  [1mINSERT INTO "schema_migrations" (version) VALUES ('2022100905')[0m
  [1m[35m (0.3ms)[0m  INSERT INTO "schema_migrations" (version) VALUES ('2022100903')
  [1m[36m (0.3ms)[0m  [1mCREATE TABLE "activities" ("aid" INTEGER PRIMARY KEY AUTOINCREMENT NOT NULL, "status" varchar, "coupon_id" integer, "fst_user" integer, "fst_accept" boolean, "snd_user" integer, "snd_accept" boolean) [0m
  [1m[35m (0.3ms)[0m  CREATE TABLE "coupons" ("cid" INTEGER PRIMARY KEY AUTOINCREMENT NOT NULL, "content" varchar, "name" varchar, "location" varchar, "original_price" varchar, "discount_price" varchar) 
  [1m[36m (4.3ms)[0m  [1mCREATE TABLE "interests" ("uid" integer, "interest1" varchar, "interest2" varchar, "interest3" varchar) [0m
  [1m[35m (0.4ms)[0m  CREATE TABLE "messages" ("mid" INTEGER PRIMARY KEY AUTOINCREMENT NOT NULL, "sender_id" integer, "receiver_id" integer, "timestamp" datetime, "message" varchar, "is_read" boolean) 
  [1m[36m (0.3ms)[0m  [1mCREATE TABLE "prompts" ("uid" integer, "answer1" varchar, "answer2" varchar, "answer3" varchar) [0m
  [1m[35m (0.3ms)[0m  CREATE TABLE "user_photos" ("uid" integer, "link" varchar, "type" varchar) 
  [1m[36m (0.3ms)[0m  [1mCREATE TABLE "users" ("uid" INTEGER PRIMARY KEY AUTOINCREMENT NOT NULL, "username" varchar, "password" varchar, "name" varchar, "gender" varchar, "birthday" datetime, "email" varchar, "created_time" datetime, "city" varchar, "profile_photo" varchar) [0m
  [1m[35m (0.3ms)[0m  CREATE TABLE "schema_migrations" ("version" varchar NOT NULL) 
  [1m[36m (0.0ms)[0m  [1mselect sqlite_version(*)[0m
  [1m[35m (0.3ms)[0m  CREATE UNIQUE INDEX "unique_schema_migrations" ON "schema_migrations" ("version")
  [1m[36m (0.0ms)[0m  [1mSELECT version FROM "schema_migrations"[0m
  [1m[35m (0.3ms)[0m  INSERT INTO "schema_migrations" (version) VALUES ('2022102807')
  [1m[36m (3.6ms)[0m  [1mINSERT INTO "schema_migrations" (version) VALUES ('2022100904')[0m
  [1m[35m (0.4ms)[0m  INSERT INTO "schema_migrations" (version) VALUES ('2022100901')
  [1m[36m (0.3ms)[0m  [1mINSERT INTO "schema_migrations" (version) VALUES ('2022102606')[0m
  [1m[35m (0.3ms)[0m  INSERT INTO "schema_migrations" (version) VALUES ('2022100902')
  [1m[36m (0.3ms)[0m  [1mINSERT INTO "schema_migrations" (version) VALUES ('2022100905')[0m
  [1m[35m (0.3ms)[0m  INSERT INTO "schema_migrations" (version) VALUES ('2022100903')
  [1m[36mActiveRecord::SchemaMigration Load (0.0ms)[0m  [1mSELECT "schema_migrations".* FROM "schema_migrations"[0m
  [1m[36m (0.4ms)[0m  [1mCREATE TABLE "schema_migrations" ("version" varchar NOT NULL) [0m
  [1m[35m (0.0ms)[0m  select sqlite_version(*)
  [1m[36m (0.3ms)[0m  [1mCREATE UNIQUE INDEX "unique_schema_migrations" ON "schema_migrations" ("version")[0m
  [1m[35mActiveRecord::SchemaMigration Load (0.0ms)[0m  SELECT "schema_migrations".* FROM "schema_migrations"
Migrating to Users (2022100901)
  [1m[36m (0.0ms)[0m  [1mbegin transaction[0m
  [1m[35m (0.2ms)[0m  CREATE TABLE "users" ("uid" INTEGER PRIMARY KEY AUTOINCREMENT NOT NULL, "phone" varchar, "password" varchar, "name" varchar, "gender" varchar, "sexuality" varchar, "birthday" datetime, "location" varchar, "education" varchar, "career" varchar, "height" varchar, "profile_photo" varchar, "created_time" datetime) 
  [1m[36mSQL (0.1ms)[0m  [1mINSERT INTO "schema_migrations" ("version") VALUES (?)[0m  [["version", "2022100901"]]
  [1m[35m (0.3ms)[0m  commit transaction
Migrating to UserPhotos (2022100902)
  [1m[36m (0.0ms)[0m  [1mbegin transaction[0m
  [1m[35m (0.1ms)[0m  CREATE TABLE "user_photos" ("uid" integer, "link" varchar) 
  [1m[36mSQL (0.0ms)[0m  [1mINSERT INTO "schema_migrations" ("version") VALUES (?)[0m  [["version", "2022100902"]]
  [1m[35m (0.2ms)[0m  commit transaction
Migrating to Interests (2022100903)
  [1m[36m (0.0ms)[0m  [1mbegin transaction[0m
  [1m[35m (0.1ms)[0m  CREATE TABLE "interests" ("uid" integer, "interest1" varchar, "interest2" varchar, "interest3" varchar) 
  [1m[36mSQL (0.0ms)[0m  [1mINSERT INTO "schema_migrations" ("version") VALUES (?)[0m  [["version", "2022100903"]]
  [1m[35m (0.2ms)[0m  commit transaction
Migrating to Messages (2022100904)
  [1m[36m (0.0ms)[0m  [1mbegin transaction[0m
  [1m[35m (0.1ms)[0m  CREATE TABLE "messages" ("mid" INTEGER PRIMARY KEY AUTOINCREMENT NOT NULL, "sender_uid" integer, "receiver_uid" integer, "timestamp" datetime, "message" varchar, "is_read" boolean) 
  [1m[36mSQL (0.0ms)[0m  [1mINSERT INTO "schema_migrations" ("version") VALUES (?)[0m  [["version", "2022100904"]]
  [1m[35m (0.4ms)[0m  commit transaction
Migrating to Coupons (2022100905)
  [1m[36m (0.0ms)[0m  [1mbegin transaction[0m
  [1m[35m (0.1ms)[0m  CREATE TABLE "coupons" ("cid" INTEGER PRIMARY KEY AUTOINCREMENT NOT NULL, "name" varchar, "message" varchar, "location" varchar, "original_price" varchar, "discount_price" varchar, "advertiser" varchar) 
  [1m[36mSQL (0.0ms)[0m  [1mINSERT INTO "schema_migrations" ("version") VALUES (?)[0m  [["version", "2022100905"]]
  [1m[35m (0.2ms)[0m  commit transaction
Migrating to Activities (2022102606)
  [1m[36m (0.0ms)[0m  [1mbegin transaction[0m
  [1m[35m (0.1ms)[0m  CREATE TABLE "activities" ("aid" INTEGER PRIMARY KEY AUTOINCREMENT NOT NULL, "status" varchar, "coupon_id" integer, "datetime" datetime, "fst_uid" integer, "fst_accept" boolean, "snd_uid" integer, "snd_accept" boolean) 
  [1m[36mSQL (0.0ms)[0m  [1mINSERT INTO "schema_migrations" ("version") VALUES (?)[0m  [["version", "2022102606"]]
  [1m[35m (0.2ms)[0m  commit transaction
Migrating to Prompt (2022102807)
  [1m[36m (0.0ms)[0m  [1mbegin transaction[0m
  [1m[35m (0.1ms)[0m  CREATE TABLE "prompts" ("uid" integer, "answer1" varchar, "answer2" varchar, "answer3" varchar) 
  [1m[36mSQL (0.0ms)[0m  [1mINSERT INTO "schema_migrations" ("version") VALUES (?)[0m  [["version", "2022102807"]]
  [1m[35m (0.2ms)[0m  commit transaction
  [1m[36mActiveRecord::SchemaMigration Load (0.0ms)[0m  [1mSELECT "schema_migrations".* FROM "schema_migrations"[0m
  [1m[36mActiveRecord::SchemaMigration Load (0.0ms)[0m  [1mSELECT "schema_migrations".* FROM "schema_migrations"[0m
  [1m[35mActiveRecord::SchemaMigration Load (0.0ms)[0m  SELECT "schema_migrations".* FROM "schema_migrations"


Started GET "/users/new" for ::1 at 2022-10-29 00:12:44 -0400
  [1m[36mActiveRecord::SchemaMigration Load (0.1ms)[0m  [1mSELECT "schema_migrations".* FROM "schema_migrations"[0m
Processing by UsersController#new as HTML
  Rendered users/new.html.erb within layouts/application (19.6ms)
Completed 200 OK in 270ms (Views: 260.0ms | ActiveRecord: 0.2ms)


Started GET "/users/new" for ::1 at 2022-10-29 00:13:35 -0400
Processing by UsersController#new as HTML
  Rendered users/new.html.erb within layouts/application (11.2ms)
Completed 200 OK in 46ms (Views: 41.5ms | ActiveRecord: 0.0ms)


Started GET "/users/new" for ::1 at 2022-10-29 00:13:53 -0400
Processing by UsersController#new as HTML
  Rendered users/new.html.erb within layouts/application (16.2ms)
Completed 200 OK in 49ms (Views: 45.6ms | ActiveRecord: 0.0ms)


Started GET "/users/new" for ::1 at 2022-10-29 00:15:21 -0400
Processing by UsersController#new as HTML
  Rendered users/new.html.erb within layouts/application (20.7ms)
Completed 200 OK in 57ms (Views: 53.8ms | ActiveRecord: 0.0ms)


Started GET "/users/new" for ::1 at 2022-10-29 00:16:13 -0400
Processing by UsersController#new as HTML
  Rendered users/new.html.erb within layouts/application (41.6ms)
Completed 500 Internal Server Error in 50ms (ActiveRecord: 0.0ms)

ActionView::Template::Error (undefined method `datetime' for #<ActionView::Helpers::FormBuilder:0x00000001355fb708>):
    23:   </div>
    24:   <div>
    25:     <%= f.label :birthday %>
    26:     <%= f.datetime :birthday %>
    27:   </div>
    28:   <div>
    29:     <%= f.label :location %>
  app/views/users/new.html.erb:26:in `block in _app_views_users_new_html_erb___1173812188443482360_2595102140'
  app/views/users/new.html.erb:3:in `_app_views_users_new_html_erb___1173812188443482360_2595102140'


  Rendered /Users/jackwang/.rbenv/versions/2.6.6/lib/ruby/gems/2.6.0/gems/actionpack-4.2.10/lib/action_dispatch/middleware/templates/rescues/_source.erb (5.6ms)
  Rendered /Users/jackwang/.rbenv/versions/2.6.6/lib/ruby/gems/2.6.0/gems/actionpack-4.2.10/lib/action_dispatch/middleware/templates/rescues/_trace.html.erb (2.1ms)
  Rendered /Users/jackwang/.rbenv/versions/2.6.6/lib/ruby/gems/2.6.0/gems/actionpack-4.2.10/lib/action_dispatch/middleware/templates/rescues/_request_and_response.html.erb (0.7ms)
  Rendered /Users/jackwang/.rbenv/versions/2.6.6/lib/ruby/gems/2.6.0/gems/actionpack-4.2.10/lib/action_dispatch/middleware/templates/rescues/template_error.html.erb within rescues/layout (15.3ms)


Started GET "/users/new" for ::1 at 2022-10-29 00:16:29 -0400
Processing by UsersController#new as HTML
  Rendered users/new.html.erb within layouts/application (17.4ms)
Completed 200 OK in 89ms (Views: 85.6ms | ActiveRecord: 0.0ms)


Started GET "/users/new" for ::1 at 2022-10-29 00:17:25 -0400
Processing by UsersController#new as HTML
  Rendered users/new.html.erb within layouts/application (18.6ms)
Completed 200 OK in 62ms (Views: 55.9ms | ActiveRecord: 0.0ms)


Started GET "/users/new" for ::1 at 2022-10-29 00:19:07 -0400
Processing by UsersController#new as HTML
  Rendered users/new.html.erb within layouts/application (18.1ms)
Completed 200 OK in 71ms (Views: 68.4ms | ActiveRecord: 0.0ms)


Started GET "/users/new" for ::1 at 2022-10-29 00:21:26 -0400
Processing by UsersController#new as HTML
  Rendered users/new.html.erb within layouts/application (38.6ms)
Completed 200 OK in 91ms (Views: 90.2ms | ActiveRecord: 0.0ms)


Started POST "/users" for ::1 at 2022-10-29 00:22:08 -0400
Processing by UsersController#create as HTML
  Parameters: {"utf8"=>"✓", "authenticity_token"=>"/eBIAzNCnvHkyYgxCEFeWQuDR8pmbL00J8WNO21hgRMnrMAsTVkXROm3yh4rp5lVL6vGw3mR5Qza+ZvXCkLnDQ==", "user"=>{"phone"=>"324234", "password"=>"[FILTERED]", "name"=>"rewqrqew", "gender"=>"qrew", "sexuality"=>"erq", "birthday"=>"", "location"=>"rqewr", "education"=>"undergradute", "height"=>"rqewrq", "profile_photo"=>"trqet", "created_time"=>""}, "commit"=>"Create"}
  Rendered users/create.html.erb within layouts/application (0.6ms)
Completed 200 OK in 47ms (Views: 46.2ms | ActiveRecord: 0.0ms)


Started GET "/users/new" for ::1 at 2022-10-29 00:26:02 -0400
Processing by UsersController#new as HTML
  Rendered users/new.html.erb within layouts/application (5.1ms)
Completed 200 OK in 45ms (Views: 23.5ms | ActiveRecord: 0.4ms)


Started POST "/users" for ::1 at 2022-10-29 00:26:28 -0400
Processing by UsersController#create as HTML
  Parameters: {"utf8"=>"✓", "authenticity_token"=>"ZdGav/0sDdgSwyQcdmn6ocCAeivk2Q7QE1NGxigEKke/nRKQgzeEbR+9ZjNVjz2t5Kj7IvskVujub1AqTydMWQ==", "user"=>{"phone"=>"324234", "password"=>"[FILTERED]", "name"=>"rewqrqew", "gender"=>"qrew", "sexuality"=>"erq", "birthday"=>"", "location"=>"rqewr", "education"=>"high school", "height"=>"", "profile_photo"=>"", "created_time"=>""}, "commit"=>"Create"}
Completed 500 Internal Server Error in 4ms (ActiveRecord: 0.0ms)

ActiveModel::ForbiddenAttributesError (ActiveModel::ForbiddenAttributesError):
  app/controllers/users_controller.rb:7:in `create'


  Rendered /Users/jackwang/.rbenv/versions/2.6.6/lib/ruby/gems/2.6.0/gems/actionpack-4.2.10/lib/action_dispatch/middleware/templates/rescues/_source.erb (4.1ms)
  Rendered /Users/jackwang/.rbenv/versions/2.6.6/lib/ruby/gems/2.6.0/gems/actionpack-4.2.10/lib/action_dispatch/middleware/templates/rescues/_trace.html.erb (1.7ms)
  Rendered /Users/jackwang/.rbenv/versions/2.6.6/lib/ruby/gems/2.6.0/gems/actionpack-4.2.10/lib/action_dispatch/middleware/templates/rescues/_request_and_response.html.erb (0.8ms)
  Rendered /Users/jackwang/.rbenv/versions/2.6.6/lib/ruby/gems/2.6.0/gems/actionpack-4.2.10/lib/action_dispatch/middleware/templates/rescues/diagnostics.html.erb within rescues/layout (11.7ms)


Started GET "/users/new" for ::1 at 2022-10-29 00:32:08 -0400
Processing by UsersController#new as HTML
  Rendered users/new.html.erb within layouts/application (4.9ms)
Completed 200 OK in 36ms (Views: 22.9ms | ActiveRecord: 0.8ms)


Started POST "/users" for ::1 at 2022-10-29 00:32:40 -0400
Processing by UsersController#create as HTML
  Parameters: {"utf8"=>"✓", "authenticity_token"=>"41lwAacOax1E9S4Cddto8cVPNn/qivWUGrFVyfL8+Uc5Ffgu2RXiqEmLbC1WPa/94We3dvV3raznjUMlld+fWQ==", "user"=>{"phone"=>"324234", "password"=>"[FILTERED]", "name"=>"rewqrqew", "gender"=>"qrew", "sexuality"=>"erq", "birthday"=>"", "location"=>"rqewr", "education"=>"high school", "height"=>"rqweqrt", "profile_photo"=>"trqet", "created_time"=>""}, "commit"=>"Create"}
  [1m[35m (0.3ms)[0m  begin transaction
  [1m[36mSQL (2.2ms)[0m  [1mINSERT INTO "users" ("phone", "password", "name", "gender", "sexuality", "location", "education", "height", "profile_photo") VALUES (?, ?, ?, ?, ?, ?, ?, ?, ?)[0m  [["phone", "324234"], ["password", "ewrreqwreqw"], ["name", "rewqrqew"], ["gender", "qrew"], ["sexuality", "erq"], ["location", "rqewr"], ["education", "high school"], ["height", "rqweqrt"], ["profile_photo", "trqet"]]
  [1m[35m (0.6ms)[0m  commit transaction
Redirected to http://localhost:3000/users/1
Completed 302 Found in 17ms (ActiveRecord: 3.0ms)


Started GET "/users/1" for ::1 at 2022-10-29 00:32:40 -0400
Processing by UsersController#show as HTML
  Parameters: {"id"=>"1"}
  Rendered users/show.html.erb within layouts/application (0.8ms)
Completed 200 OK in 18ms (Views: 17.6ms | ActiveRecord: 0.0ms)
  [1m[36m (0.2ms)[0m  [1mSELECT COUNT(*) FROM "users"[0m
  [1m[35mUser Load (0.2ms)[0m  SELECT  "users".* FROM "users"  ORDER BY "users"."uid" DESC LIMIT 1


Started GET "/users/1" for ::1 at 2022-10-29 00:34:43 -0400
Processing by UsersController#show as HTML
  Parameters: {"id"=>"1"}
  [1m[36mUser Load (0.1ms)[0m  [1mSELECT  "users".* FROM "users" WHERE "users"."uid" = ? LIMIT 1[0m  [["uid", 1]]
  Rendered users/show.html.erb within layouts/application (0.4ms)
Completed 200 OK in 50ms (Views: 26.2ms | ActiveRecord: 0.7ms)


Started GET "/users/new" for ::1 at 2022-10-29 00:36:50 -0400
Processing by UsersController#new as HTML
  Rendered users/new.html.erb within layouts/application (13.0ms)
Completed 200 OK in 80ms (Views: 73.6ms | ActiveRecord: 0.0ms)


Started GET "/assets/users.self-425cdc535601006a3b47a1c1823e5536b8b4c4666ddab337aa6d4b9b294c5cc6.css?body=1" for ::1 at 2022-10-29 00:36:50 -0400


Started GET "/users/new" for ::1 at 2022-10-29 00:37:14 -0400
Processing by UsersController#new as HTML
  Rendered users/new.html.erb within layouts/application (9.6ms)
Completed 200 OK in 58ms (Views: 54.8ms | ActiveRecord: 0.0ms)


Started GET "/assets/users.self-dec3fe6c68fed9088ad9f17dc97b9ba3037d9371d676c0e066ca87ebcbaddb3a.css?body=1" for ::1 at 2022-10-29 00:37:14 -0400


Started GET "/users/new" for ::1 at 2022-10-29 00:37:40 -0400
Processing by UsersController#new as HTML
  Rendered users/new.html.erb within layouts/application (13.6ms)
Completed 200 OK in 65ms (Views: 62.6ms | ActiveRecord: 0.0ms)


Started GET "/assets/users.self-add0d19ebdb745549254449042dfe975b363a95ab48c81aa3ea655e23e7b5f2f.css?body=1" for ::1 at 2022-10-29 00:37:40 -0400


Started POST "/users" for ::1 at 2022-10-29 01:39:55 -0400
Processing by UsersController#create as HTML
  Parameters: {"utf8"=>"✓", "authenticity_token"=>"azM1jx7f7Xct3xwqAygRvgIS4mDOgvkTrpGzsDg7V9Wxf72gYMRkwiChXgUgztayJjpjadF/oStTraVcXxgxyw==", "user"=>{"phone"=>"", "password"=>"[FILTERED]", "name"=>"rewqrqew", "gender"=>"eqwe", "sexuality"=>"rqew", "birthday"=>"", "location"=>"", "education"=>"high school", "height"=>"", "profile_photo"=>"", "created_time"=>""}, "commit"=>"Create"}
  [1m[35m (1.8ms)[0m  begin transaction
  [1m[36mSQL (3.0ms)[0m  [1mINSERT INTO "users" ("phone", "password", "name", "gender", "sexuality", "location", "education", "height", "profile_photo") VALUES (?, ?, ?, ?, ?, ?, ?, ?, ?)[0m  [["phone", ""], ["password", "ewrreqwreqw"], ["name", "rewqrqew"], ["gender", "eqwe"], ["sexuality", "rqew"], ["location", ""], ["education", "high school"], ["height", ""], ["profile_photo", ""]]
  [1m[35m (0.6ms)[0m  commit transaction
Redirected to http://localhost:3000/users/2
Completed 302 Found in 31ms (ActiveRecord: 5.4ms)


Started GET "/users/2" for ::1 at 2022-10-29 01:39:55 -0400
Processing by UsersController#show as HTML
  Parameters: {"id"=>"2"}
  [1m[36mUser Load (0.4ms)[0m  [1mSELECT  "users".* FROM "users" WHERE "users"."uid" = ? LIMIT 1[0m  [["uid", 2]]
  Rendered users/show.html.erb within layouts/application (1.4ms)
Completed 200 OK in 29ms (Views: 27.3ms | ActiveRecord: 0.4ms)


Started GET "/users/2" for ::1 at 2022-10-29 01:44:23 -0400
Processing by UsersController#show as HTML
  Parameters: {"id"=>"2"}
  [1m[35mUser Load (0.4ms)[0m  SELECT  "users".* FROM "users" WHERE "users"."uid" = ? LIMIT 1  [["uid", 2]]
  Rendered users/show.html.erb within layouts/application (2.2ms)
Completed 200 OK in 43ms (Views: 37.4ms | ActiveRecord: 0.4ms)


Started GET "/users/new" for ::1 at 2022-10-29 01:44:35 -0400
Processing by UsersController#new as HTML
  Rendered users/new.html.erb within layouts/application (13.4ms)
Completed 200 OK in 51ms (Views: 47.4ms | ActiveRecord: 0.0ms)


Started GET "/users/new" for ::1 at 2022-10-29 01:48:46 -0400
Processing by UsersController#new as HTML
  Rendered users/new.html.erb within layouts/application (110.8ms)
Completed 200 OK in 141ms (Views: 137.8ms | ActiveRecord: 0.0ms)


Started GET "/assets/users.self-50e95c0c7026c777639932168057a2ee392fe82d74dff0725d14d7b0880efd21.css?body=1" for ::1 at 2022-10-29 01:48:46 -0400


Started GET "/users/new" for ::1 at 2022-10-29 01:50:15 -0400
Processing by UsersController#new as HTML
  Rendered users/new.html.erb within layouts/application (12.7ms)
Completed 200 OK in 71ms (Views: 67.5ms | ActiveRecord: 0.0ms)


Started GET "/assets/users.self-303399acd65bb6abe576c1525626962c4eb5bc63f8fac590d9c765db878c2fb2.css?body=1" for ::1 at 2022-10-29 01:50:15 -0400


Started GET "/users/new" for ::1 at 2022-10-29 01:50:17 -0400
Processing by UsersController#new as HTML
  Rendered users/new.html.erb within layouts/application (16.0ms)
Completed 200 OK in 41ms (Views: 39.8ms | ActiveRecord: 0.0ms)


Started GET "/users/new" for ::1 at 2022-10-29 01:50:32 -0400
Processing by UsersController#new as HTML
  Rendered users/new.html.erb within layouts/application (14.0ms)
Completed 200 OK in 41ms (Views: 38.2ms | ActiveRecord: 0.0ms)


Started GET "/users/new" for ::1 at 2022-10-29 01:50:41 -0400
Processing by UsersController#new as HTML
  Rendered users/new.html.erb within layouts/application (11.7ms)
Completed 200 OK in 38ms (Views: 35.6ms | ActiveRecord: 0.0ms)


Started GET "/users/new" for ::1 at 2022-10-29 01:51:04 -0400
Processing by UsersController#new as HTML
  Rendered users/new.html.erb within layouts/application (10.2ms)
Completed 200 OK in 88ms (Views: 80.4ms | ActiveRecord: 0.0ms)


Started GET "/assets/users.self-33a94ae1781bfeb0624f7723e9146e8eb48983ccf0d976cd9a65ff67b27110fd.css?body=1" for ::1 at 2022-10-29 01:51:04 -0400


Started GET "/users/new" for ::1 at 2022-10-29 01:51:53 -0400
Processing by UsersController#new as HTML
  Rendered users/new.html.erb within layouts/application (13.8ms)
Completed 200 OK in 82ms (Views: 74.3ms | ActiveRecord: 0.0ms)


Started GET "/assets/users.self-84c93dac08e2017b2eb3ad0a6d601e89e484e1bd19c540c6d0802f15ca7a96a6.css?body=1" for ::1 at 2022-10-29 01:51:53 -0400


Started GET "/users/new" for ::1 at 2022-10-29 02:01:59 -0400
Processing by UsersController#new as HTML
  Rendered users/new.html.erb within layouts/application (23.9ms)
Completed 200 OK in 61ms (Views: 55.9ms | ActiveRecord: 0.0ms)


Started GET "/assets/users.self-abdbff5a43188e9827b35a3adc63a966f3f54a6097c792a87269b3291db4605e.css?body=1" for ::1 at 2022-10-29 02:02:00 -0400


Started GET "/assets/application.self-c4991312985bccd133f1f21ab2f6a5d0129a8416a91037313b14f05d7d2e7dde.css?body=1" for ::1 at 2022-10-29 02:02:00 -0400


Started GET "/users/new" for ::1 at 2022-10-29 02:02:15 -0400
Processing by UsersController#new as HTML
  Rendered users/new.html.erb within layouts/application (33.1ms)
Completed 200 OK in 74ms (Views: 71.3ms | ActiveRecord: 0.0ms)


Started GET "/users/new" for ::1 at 2022-10-29 02:15:54 -0400
Processing by UsersController#new as HTML
  Rendered users/new.html.erb within layouts/application (12.0ms)
Completed 200 OK in 43ms (Views: 35.9ms | ActiveRecord: 0.0ms)


Started GET "/users/new" for ::1 at 2022-10-29 02:15:55 -0400
Processing by UsersController#new as HTML
  Rendered users/new.html.erb within layouts/application (14.2ms)
Completed 200 OK in 44ms (Views: 42.7ms | ActiveRecord: 0.0ms)


Started GET "/users/new" for ::1 at 2022-10-29 02:15:56 -0400
Processing by UsersController#new as HTML
  Rendered users/new.html.erb within layouts/application (16.6ms)
Completed 200 OK in 42ms (Views: 40.7ms | ActiveRecord: 0.0ms)


Started GET "/users/new" for ::1 at 2022-10-29 02:17:00 -0400
Processing by UsersController#new as HTML
  Rendered users/new.html.erb within layouts/application (20.6ms)
Completed 200 OK in 195ms (Views: 191.8ms | ActiveRecord: 0.0ms)


Started POST "/users" for ::1 at 2022-10-29 02:17:25 -0400
Processing by UsersController#create as HTML
  Parameters: {"utf8"=>"✓", "authenticity_token"=>"QgRGVsRXMNMQgfayXXSb/JfvbAYV/0mgUBkFPknSydKYSM55uky5Zh3/tJ1+klzws8ftDwoCEZitJRPSLvGvzA==", "user"=>{"phone"=>"", "password"=>"[FILTERED]", "name"=>"rewqrqew", "gender"=>"", "sexuality"=>"", "birthday"=>"", "location"=>"", "education"=>"high school", "height"=>"", "profile_photo"=>"", "created_time"=>""}, "commit"=>"Create"}
  [1m[36m (6.0ms)[0m  [1mbegin transaction[0m
  [1m[35mSQL (1.2ms)[0m  INSERT INTO "users" ("phone", "password", "name", "gender", "sexuality", "location", "education", "height", "profile_photo") VALUES (?, ?, ?, ?, ?, ?, ?, ?, ?)  [["phone", ""], ["password", "ewrreqwreqw"], ["name", "rewqrqew"], ["gender", ""], ["sexuality", ""], ["location", ""], ["education", "high school"], ["height", ""], ["profile_photo", ""]]
  [1m[36m (0.4ms)[0m  [1mcommit transaction[0m
Redirected to http://localhost:3000/users/3
Completed 302 Found in 20ms (ActiveRecord: 7.7ms)


Started GET "/users/3" for ::1 at 2022-10-29 02:17:26 -0400
Processing by UsersController#show as HTML
  Parameters: {"id"=>"3"}
  [1m[35mUser Load (0.1ms)[0m  SELECT  "users".* FROM "users" WHERE "users"."uid" = ? LIMIT 1  [["uid", 3]]
  Rendered users/show.html.erb within layouts/application (0.2ms)
Completed 200 OK in 13ms (Views: 12.0ms | ActiveRecord: 0.1ms)


Started GET "/users/3" for ::1 at 2022-10-29 02:18:13 -0400
Processing by UsersController#show as HTML
  Parameters: {"id"=>"3"}
  [1m[36mUser Load (0.3ms)[0m  [1mSELECT  "users".* FROM "users" WHERE "users"."uid" = ? LIMIT 1[0m  [["uid", 3]]
  Rendered users/show.html.erb within layouts/application (3.8ms)
Completed 200 OK in 26ms (Views: 22.8ms | ActiveRecord: 0.3ms)


Started GET "/users/3" for ::1 at 2022-10-29 02:18:14 -0400
Processing by UsersController#show as HTML
  Parameters: {"id"=>"3"}
  [1m[35mUser Load (0.2ms)[0m  SELECT  "users".* FROM "users" WHERE "users"."uid" = ? LIMIT 1  [["uid", 3]]
  Rendered users/show.html.erb within layouts/application (0.6ms)
Completed 200 OK in 28ms (Views: 26.2ms | ActiveRecord: 0.2ms)


Started GET "/users/3" for ::1 at 2022-10-29 02:18:48 -0400
Processing by UsersController#show as HTML
  Parameters: {"id"=>"3"}
  [1m[36mUser Load (0.6ms)[0m  [1mSELECT  "users".* FROM "users" WHERE "users"."uid" = ? LIMIT 1[0m  [["uid", 3]]
  Rendered users/show.html.erb within layouts/application (6.9ms)
Completed 200 OK in 52ms (Views: 35.2ms | ActiveRecord: 0.6ms)


Started GET "/" for 127.0.0.1 at 2022-10-29 09:26:57 -0400
Processing by Rails::WelcomeController#index as HTML
  Rendered /Users/jackwang/.rbenv/versions/2.6.6/lib/ruby/gems/2.6.0/gems/railties-4.2.10/lib/rails/templates/rails/welcome/index.html.erb (0.8ms)
Completed 200 OK in 4ms (Views: 4.0ms | ActiveRecord: 0.0ms)


Started GET "/users" for 127.0.0.1 at 2022-10-29 09:27:08 -0400

AbstractController::ActionNotFound (The action 'index' could not be found for UsersController):
  actionpack (4.2.10) lib/abstract_controller/base.rb:132:in `process'
  actionview (4.2.10) lib/action_view/rendering.rb:30:in `process'
  actionpack (4.2.10) lib/action_controller/metal.rb:196:in `dispatch'
  actionpack (4.2.10) lib/action_controller/metal/rack_delegation.rb:13:in `dispatch'
  actionpack (4.2.10) lib/action_controller/metal.rb:237:in `block in action'
  actionpack (4.2.10) lib/action_dispatch/routing/route_set.rb:74:in `dispatch'
  actionpack (4.2.10) lib/action_dispatch/routing/route_set.rb:43:in `serve'
  actionpack (4.2.10) lib/action_dispatch/journey/router.rb:43:in `block in serve'
  actionpack (4.2.10) lib/action_dispatch/journey/router.rb:30:in `each'
  actionpack (4.2.10) lib/action_dispatch/journey/router.rb:30:in `serve'
  actionpack (4.2.10) lib/action_dispatch/routing/route_set.rb:817:in `call'
  rack (1.6.13) lib/rack/etag.rb:24:in `call'
  rack (1.6.13) lib/rack/conditionalget.rb:25:in `call'
  rack (1.6.13) lib/rack/head.rb:13:in `call'
  actionpack (4.2.10) lib/action_dispatch/middleware/params_parser.rb:27:in `call'
  actionpack (4.2.10) lib/action_dispatch/middleware/flash.rb:260:in `call'
  rack (1.6.13) lib/rack/session/abstract/id.rb:252:in `context'
  rack (1.6.13) lib/rack/session/abstract/id.rb:247:in `call'
  actionpack (4.2.10) lib/action_dispatch/middleware/cookies.rb:560:in `call'
  activerecord (4.2.10) lib/active_record/query_cache.rb:36:in `call'
  activerecord (4.2.10) lib/active_record/connection_adapters/abstract/connection_pool.rb:653:in `call'
  activerecord (4.2.10) lib/active_record/migration.rb:377:in `call'
  actionpack (4.2.10) lib/action_dispatch/middleware/callbacks.rb:29:in `block in call'
  activesupport (4.2.10) lib/active_support/callbacks.rb:88:in `__run_callbacks__'
  activesupport (4.2.10) lib/active_support/callbacks.rb:778:in `_run_call_callbacks'
  activesupport (4.2.10) lib/active_support/callbacks.rb:81:in `run_callbacks'
  actionpack (4.2.10) lib/action_dispatch/middleware/callbacks.rb:27:in `call'
  actionpack (4.2.10) lib/action_dispatch/middleware/reloader.rb:73:in `call'
  actionpack (4.2.10) lib/action_dispatch/middleware/remote_ip.rb:78:in `call'
  actionpack (4.2.10) lib/action_dispatch/middleware/debug_exceptions.rb:17:in `call'
  actionpack (4.2.10) lib/action_dispatch/middleware/show_exceptions.rb:30:in `call'
  railties (4.2.10) lib/rails/rack/logger.rb:38:in `call_app'
  railties (4.2.10) lib/rails/rack/logger.rb:20:in `block in call'
  activesupport (4.2.10) lib/active_support/tagged_logging.rb:68:in `block in tagged'
  activesupport (4.2.10) lib/active_support/tagged_logging.rb:26:in `tagged'
  activesupport (4.2.10) lib/active_support/tagged_logging.rb:68:in `tagged'
  railties (4.2.10) lib/rails/rack/logger.rb:20:in `call'
  actionpack (4.2.10) lib/action_dispatch/middleware/request_id.rb:21:in `call'
  rack (1.6.13) lib/rack/methodoverride.rb:22:in `call'
  rack (1.6.13) lib/rack/runtime.rb:18:in `call'
  activesupport (4.2.10) lib/active_support/cache/strategy/local_cache_middleware.rb:28:in `call'
  rack (1.6.13) lib/rack/lock.rb:17:in `call'
  actionpack (4.2.10) lib/action_dispatch/middleware/static.rb:120:in `call'
  rack (1.6.13) lib/rack/sendfile.rb:113:in `call'
  railties (4.2.10) lib/rails/engine.rb:518:in `call'
  railties (4.2.10) lib/rails/application.rb:165:in `call'
  rack (1.6.13) lib/rack/lock.rb:17:in `call'
  rack (1.6.13) lib/rack/content_length.rb:15:in `call'
  rack (1.6.13) lib/rack/handler/webrick.rb:88:in `service'
  /Users/jackwang/.rbenv/versions/2.6.6/lib/ruby/2.6.0/webrick/httpserver.rb:140:in `service'
  /Users/jackwang/.rbenv/versions/2.6.6/lib/ruby/2.6.0/webrick/httpserver.rb:96:in `run'
  /Users/jackwang/.rbenv/versions/2.6.6/lib/ruby/2.6.0/webrick/server.rb:307:in `block in start_thread'


  Rendered /Users/jackwang/.rbenv/versions/2.6.6/lib/ruby/gems/2.6.0/gems/actionpack-4.2.10/lib/action_dispatch/middleware/templates/rescues/unknown_action.html.erb within rescues/layout (0.5ms)


Started GET "/users/new" for 127.0.0.1 at 2022-10-29 09:27:12 -0400
Processing by UsersController#new as HTML
  Rendered users/new.html.erb within layouts/application (16.4ms)
Completed 200 OK in 45ms (Views: 43.5ms | ActiveRecord: 0.0ms)


Started GET "/assets/users.self-e3b0c44298fc1c149afbf4c8996fb92427ae41e4649b934ca495991b7852b855.css?body=1" for 127.0.0.1 at 2022-10-29 09:27:13 -0400


Started GET "/assets/application.self-c4991312985bccd133f1f21ab2f6a5d0129a8416a91037313b14f05d7d2e7dde.css?body=1" for 127.0.0.1 at 2022-10-29 09:27:13 -0400


Started GET "/assets/turbolinks.self-569ee74eaa15c1e2019317ff770b8769b1ec033a0f572a485f64c82ddc8f989e.js?body=1" for 127.0.0.1 at 2022-10-29 09:27:13 -0400


Started GET "/assets/jquery_ujs.self-784a997f6726036b1993eb2217c9cb558e1cbb801c6da88105588c56f13b466a.js?body=1" for 127.0.0.1 at 2022-10-29 09:27:13 -0400


Started GET "/assets/jquery.self-bd7ddd393353a8d2480a622e80342adf488fb6006d667e8b42e4c0073393abee.js?body=1" for 127.0.0.1 at 2022-10-29 09:27:13 -0400


Started GET "/assets/users.self-19a187bec6cdb96d6de80a61c16c857c613536adf9138476bd367db38d282635.js?body=1" for 127.0.0.1 at 2022-10-29 09:27:13 -0400


Started GET "/assets/application.self-3b8dabdc891efe46b9a144b400ad69e37d7e5876bdc39dee783419a69d7ca819.js?body=1" for 127.0.0.1 at 2022-10-29 09:27:13 -0400


Started GET "/users/new" for 127.0.0.1 at 2022-10-29 09:29:27 -0400
Processing by UsersController#new as HTML
  Rendered users/new.html.erb within layouts/application (12.9ms)
Completed 200 OK in 77ms (Views: 73.3ms | ActiveRecord: 0.0ms)


Started GET "/assets/users.self-59c288544120a92ee05affe09acd43fe915fc9717354670a6989e4f7281d7b93.css?body=1" for 127.0.0.1 at 2022-10-29 09:29:27 -0400


Started GET "/assets/paper.gif" for 127.0.0.1 at 2022-10-29 09:29:27 -0400

ActionController::RoutingError (No route matches [GET] "/assets/paper.gif"):
  actionpack (4.2.10) lib/action_dispatch/middleware/debug_exceptions.rb:21:in `call'
  actionpack (4.2.10) lib/action_dispatch/middleware/show_exceptions.rb:30:in `call'
  railties (4.2.10) lib/rails/rack/logger.rb:38:in `call_app'
  railties (4.2.10) lib/rails/rack/logger.rb:20:in `block in call'
  activesupport (4.2.10) lib/active_support/tagged_logging.rb:68:in `block in tagged'
  activesupport (4.2.10) lib/active_support/tagged_logging.rb:26:in `tagged'
  activesupport (4.2.10) lib/active_support/tagged_logging.rb:68:in `tagged'
  railties (4.2.10) lib/rails/rack/logger.rb:20:in `call'
  actionpack (4.2.10) lib/action_dispatch/middleware/request_id.rb:21:in `call'
  rack (1.6.13) lib/rack/methodoverride.rb:22:in `call'
  rack (1.6.13) lib/rack/runtime.rb:18:in `call'
  activesupport (4.2.10) lib/active_support/cache/strategy/local_cache_middleware.rb:28:in `call'
  rack (1.6.13) lib/rack/lock.rb:17:in `call'
  actionpack (4.2.10) lib/action_dispatch/middleware/static.rb:120:in `call'
  rack (1.6.13) lib/rack/sendfile.rb:113:in `call'
  railties (4.2.10) lib/rails/engine.rb:518:in `call'
  railties (4.2.10) lib/rails/application.rb:165:in `call'
  rack (1.6.13) lib/rack/lock.rb:17:in `call'
  rack (1.6.13) lib/rack/content_length.rb:15:in `call'
  rack (1.6.13) lib/rack/handler/webrick.rb:88:in `service'
  /Users/jackwang/.rbenv/versions/2.6.6/lib/ruby/2.6.0/webrick/httpserver.rb:140:in `service'
  /Users/jackwang/.rbenv/versions/2.6.6/lib/ruby/2.6.0/webrick/httpserver.rb:96:in `run'
  /Users/jackwang/.rbenv/versions/2.6.6/lib/ruby/2.6.0/webrick/server.rb:307:in `block in start_thread'


  Rendered /Users/jackwang/.rbenv/versions/2.6.6/lib/ruby/gems/2.6.0/gems/actionpack-4.2.10/lib/action_dispatch/middleware/templates/rescues/_trace.html.erb (6.3ms)
  Rendered /Users/jackwang/.rbenv/versions/2.6.6/lib/ruby/gems/2.6.0/gems/actionpack-4.2.10/lib/action_dispatch/middleware/templates/routes/_route.html.erb (1.0ms)
  Rendered /Users/jackwang/.rbenv/versions/2.6.6/lib/ruby/gems/2.6.0/gems/actionpack-4.2.10/lib/action_dispatch/middleware/templates/routes/_table.html.erb (2.5ms)
  Rendered /Users/jackwang/.rbenv/versions/2.6.6/lib/ruby/gems/2.6.0/gems/actionpack-4.2.10/lib/action_dispatch/middleware/templates/rescues/_request_and_response.html.erb (1.2ms)
  Rendered /Users/jackwang/.rbenv/versions/2.6.6/lib/ruby/gems/2.6.0/gems/actionpack-4.2.10/lib/action_dispatch/middleware/templates/rescues/routing_error.html.erb within rescues/layout (28.5ms)


Started GET "/users/new" for 127.0.0.1 at 2022-10-29 09:30:01 -0400
Processing by UsersController#new as HTML
  Rendered users/new.html.erb within layouts/application (13.4ms)
Completed 200 OK in 57ms (Views: 55.5ms | ActiveRecord: 0.0ms)


Started GET "/assets/users.self-2d7b9e6baf3d7d3bc995e9f07acd72394a8d88618a0ffdb43ad311752e54faee.css?body=1" for 127.0.0.1 at 2022-10-29 09:30:01 -0400


Started GET "/assets/paper.gif" for 127.0.0.1 at 2022-10-29 09:30:01 -0400

ActionController::RoutingError (No route matches [GET] "/assets/paper.gif"):
  actionpack (4.2.10) lib/action_dispatch/middleware/debug_exceptions.rb:21:in `call'
  actionpack (4.2.10) lib/action_dispatch/middleware/show_exceptions.rb:30:in `call'
  railties (4.2.10) lib/rails/rack/logger.rb:38:in `call_app'
  railties (4.2.10) lib/rails/rack/logger.rb:20:in `block in call'
  activesupport (4.2.10) lib/active_support/tagged_logging.rb:68:in `block in tagged'
  activesupport (4.2.10) lib/active_support/tagged_logging.rb:26:in `tagged'
  activesupport (4.2.10) lib/active_support/tagged_logging.rb:68:in `tagged'
  railties (4.2.10) lib/rails/rack/logger.rb:20:in `call'
  actionpack (4.2.10) lib/action_dispatch/middleware/request_id.rb:21:in `call'
  rack (1.6.13) lib/rack/methodoverride.rb:22:in `call'
  rack (1.6.13) lib/rack/runtime.rb:18:in `call'
  activesupport (4.2.10) lib/active_support/cache/strategy/local_cache_middleware.rb:28:in `call'
  rack (1.6.13) lib/rack/lock.rb:17:in `call'
  actionpack (4.2.10) lib/action_dispatch/middleware/static.rb:120:in `call'
  rack (1.6.13) lib/rack/sendfile.rb:113:in `call'
  railties (4.2.10) lib/rails/engine.rb:518:in `call'
  railties (4.2.10) lib/rails/application.rb:165:in `call'
  rack (1.6.13) lib/rack/lock.rb:17:in `call'
  rack (1.6.13) lib/rack/content_length.rb:15:in `call'
  rack (1.6.13) lib/rack/handler/webrick.rb:88:in `service'
  /Users/jackwang/.rbenv/versions/2.6.6/lib/ruby/2.6.0/webrick/httpserver.rb:140:in `service'
  /Users/jackwang/.rbenv/versions/2.6.6/lib/ruby/2.6.0/webrick/httpserver.rb:96:in `run'
  /Users/jackwang/.rbenv/versions/2.6.6/lib/ruby/2.6.0/webrick/server.rb:307:in `block in start_thread'


  Rendered /Users/jackwang/.rbenv/versions/2.6.6/lib/ruby/gems/2.6.0/gems/actionpack-4.2.10/lib/action_dispatch/middleware/templates/rescues/_trace.html.erb (1.4ms)
  Rendered /Users/jackwang/.rbenv/versions/2.6.6/lib/ruby/gems/2.6.0/gems/actionpack-4.2.10/lib/action_dispatch/middleware/templates/routes/_route.html.erb (0.8ms)
  Rendered /Users/jackwang/.rbenv/versions/2.6.6/lib/ruby/gems/2.6.0/gems/actionpack-4.2.10/lib/action_dispatch/middleware/templates/routes/_table.html.erb (1.3ms)
  Rendered /Users/jackwang/.rbenv/versions/2.6.6/lib/ruby/gems/2.6.0/gems/actionpack-4.2.10/lib/action_dispatch/middleware/templates/rescues/_request_and_response.html.erb (1.1ms)
  Rendered /Users/jackwang/.rbenv/versions/2.6.6/lib/ruby/gems/2.6.0/gems/actionpack-4.2.10/lib/action_dispatch/middleware/templates/rescues/routing_error.html.erb within rescues/layout (13.6ms)


Started GET "/users/new" for 127.0.0.1 at 2022-10-29 09:30:50 -0400
Processing by UsersController#new as HTML
  Rendered users/new.html.erb within layouts/application (11.7ms)
Completed 200 OK in 78ms (Views: 76.6ms | ActiveRecord: 0.0ms)


Started GET "/assets/users.self-bb64612b2e1c9314fb3fb87ec5331b488bdccedb92fb76dcaef7b840c3d502ab.css?body=1" for 127.0.0.1 at 2022-10-29 09:30:50 -0400


Started GET "/users/new" for 127.0.0.1 at 2022-10-29 09:30:52 -0400
Processing by UsersController#new as HTML
  Rendered users/new.html.erb within layouts/application (13.2ms)
Completed 200 OK in 38ms (Views: 35.9ms | ActiveRecord: 0.0ms)


Started GET "/users/new" for 127.0.0.1 at 2022-10-29 09:30:53 -0400
Processing by UsersController#new as HTML
  Rendered users/new.html.erb within layouts/application (15.8ms)
Completed 200 OK in 40ms (Views: 38.4ms | ActiveRecord: 0.0ms)


Started GET "/users/new" for 127.0.0.1 at 2022-10-29 09:31:44 -0400
Processing by UsersController#new as HTML
  Rendered users/new.html.erb within layouts/application (16.2ms)
Completed 200 OK in 58ms (Views: 56.5ms | ActiveRecord: 0.0ms)


Started GET "/assets/users.self-b3bb9e2412bb05ecfc558d69a4b320b3b015171a01989df7a83ab1204e19f3b5.css?body=1" for 127.0.0.1 at 2022-10-29 09:31:44 -0400


Started GET "/users/new" for 127.0.0.1 at 2022-10-29 09:31:45 -0400
Processing by UsersController#new as HTML
  Rendered users/new.html.erb within layouts/application (15.1ms)
Completed 200 OK in 38ms (Views: 36.4ms | ActiveRecord: 0.0ms)


Started GET "/users/new" for 127.0.0.1 at 2022-10-29 09:33:18 -0400
Processing by UsersController#new as HTML
  Rendered users/new.html.erb within layouts/application (10.7ms)
Completed 500 Internal Server Error in 36ms (ActiveRecord: 0.0ms)

ActionView::Template::Error (Invalid CSS after "  padding: 10px": expected "{", was ";"):
    2: <html lang="en">
    3:   <head>
    4:     <title>Blog</title>
    5:     <%= stylesheet_link_tag    'application', media: 'all', 'data-turbolinks-track' => true %>
    6:     <%= javascript_include_tag 'application', 'data-turbolinks-track' => true %>
    7:     <%= csrf_meta_tags %>
    8:   </head>
  app/assets/stylesheets/users.scss:8
  app/views/layouts/application.html.erb:5:in `_app_views_layouts_application_html_erb___243511974223029817_2185441720'


  Rendered /Users/jackwang/.rbenv/versions/2.6.6/lib/ruby/gems/2.6.0/gems/actionpack-4.2.10/lib/action_dispatch/middleware/templates/rescues/_source.erb (7.8ms)
  Rendered /Users/jackwang/.rbenv/versions/2.6.6/lib/ruby/gems/2.6.0/gems/actionpack-4.2.10/lib/action_dispatch/middleware/templates/rescues/_trace.html.erb (2.6ms)
  Rendered /Users/jackwang/.rbenv/versions/2.6.6/lib/ruby/gems/2.6.0/gems/actionpack-4.2.10/lib/action_dispatch/middleware/templates/rescues/_request_and_response.html.erb (0.6ms)
  Rendered /Users/jackwang/.rbenv/versions/2.6.6/lib/ruby/gems/2.6.0/gems/actionpack-4.2.10/lib/action_dispatch/middleware/templates/rescues/template_error.html.erb within rescues/layout (16.9ms)


Started GET "/users/new" for 127.0.0.1 at 2022-10-29 09:33:56 -0400
Processing by UsersController#new as HTML
  Rendered users/new.html.erb within layouts/application (11.3ms)
Completed 200 OK in 60ms (Views: 58.4ms | ActiveRecord: 0.0ms)


Started GET "/assets/users.self-1d9bc64140fcc639c14a1e242a139f819ad244a80ebf83865b4240bb2b0d2d80.css?body=1" for 127.0.0.1 at 2022-10-29 09:33:56 -0400


Started GET "/users/new" for 127.0.0.1 at 2022-10-29 09:34:32 -0400
Processing by UsersController#new as HTML
  Rendered users/new.html.erb within layouts/application (14.4ms)
Completed 200 OK in 54ms (Views: 52.8ms | ActiveRecord: 0.0ms)


Started GET "/assets/users.self-d986378e8e1a13e82479f14606f1b0b90462f058e70d95a363e0aa1d4be55c4d.css?body=1" for 127.0.0.1 at 2022-10-29 09:34:32 -0400


Started GET "/users/new" for 127.0.0.1 at 2022-10-29 09:34:33 -0400
Processing by UsersController#new as HTML
  Rendered users/new.html.erb within layouts/application (12.4ms)
Completed 200 OK in 39ms (Views: 37.6ms | ActiveRecord: 0.0ms)


Started GET "/users/new" for 127.0.0.1 at 2022-10-29 09:34:34 -0400
Processing by UsersController#new as HTML
  Rendered users/new.html.erb within layouts/application (15.6ms)
Completed 200 OK in 38ms (Views: 36.6ms | ActiveRecord: 0.0ms)


Started GET "/users/new" for 127.0.0.1 at 2022-10-29 09:34:36 -0400
Processing by UsersController#new as HTML
  Rendered users/new.html.erb within layouts/application (14.9ms)
Completed 200 OK in 40ms (Views: 38.6ms | ActiveRecord: 0.0ms)


Started GET "/users/new" for 127.0.0.1 at 2022-10-29 09:39:48 -0400
Processing by UsersController#new as HTML
  Rendered users/new.html.erb within layouts/application (23.6ms)
Completed 500 Internal Server Error in 62ms (ActiveRecord: 0.0ms)

ActionView::Template::Error (Invalid CSS after "...              .": expected "{", was ""):
    2: <html lang="en">
    3:   <head>
    4:     <title>Blog</title>
    5:     <%= stylesheet_link_tag    'application', media: 'all', 'data-turbolinks-track' => true %>
    6:     <%= javascript_include_tag 'application', 'data-turbolinks-track' => true %>
    7:     <%= csrf_meta_tags %>
    8:   </head>
  app/assets/stylesheets/users.scss:50
  app/views/layouts/application.html.erb:5:in `_app_views_layouts_application_html_erb___243511974223029817_2185441720'


  Rendered /Users/jackwang/.rbenv/versions/2.6.6/lib/ruby/gems/2.6.0/gems/actionpack-4.2.10/lib/action_dispatch/middleware/templates/rescues/_source.erb (7.2ms)
  Rendered /Users/jackwang/.rbenv/versions/2.6.6/lib/ruby/gems/2.6.0/gems/actionpack-4.2.10/lib/action_dispatch/middleware/templates/rescues/_trace.html.erb (2.6ms)
  Rendered /Users/jackwang/.rbenv/versions/2.6.6/lib/ruby/gems/2.6.0/gems/actionpack-4.2.10/lib/action_dispatch/middleware/templates/rescues/_request_and_response.html.erb (0.6ms)
  Rendered /Users/jackwang/.rbenv/versions/2.6.6/lib/ruby/gems/2.6.0/gems/actionpack-4.2.10/lib/action_dispatch/middleware/templates/rescues/template_error.html.erb within rescues/layout (15.6ms)


Started GET "/users/new" for 127.0.0.1 at 2022-10-29 09:40:41 -0400
Processing by UsersController#new as HTML
  Rendered users/new.html.erb within layouts/application (13.6ms)
Completed 500 Internal Server Error in 32ms (ActiveRecord: 0.0ms)

ActionView::Template::Error (Invalid CSS after "...              .": expected "{", was ""):
    2: <html lang="en">
    3:   <head>
    4:     <title>Blog</title>
    5:     <%= stylesheet_link_tag    'application', media: 'all', 'data-turbolinks-track' => true %>
    6:     <%= javascript_include_tag 'application', 'data-turbolinks-track' => true %>
    7:     <%= csrf_meta_tags %>
    8:   </head>
  app/assets/stylesheets/users.scss:50
  app/views/layouts/application.html.erb:5:in `_app_views_layouts_application_html_erb___243511974223029817_2185441720'


  Rendered /Users/jackwang/.rbenv/versions/2.6.6/lib/ruby/gems/2.6.0/gems/actionpack-4.2.10/lib/action_dispatch/middleware/templates/rescues/_source.erb (8.1ms)
  Rendered /Users/jackwang/.rbenv/versions/2.6.6/lib/ruby/gems/2.6.0/gems/actionpack-4.2.10/lib/action_dispatch/middleware/templates/rescues/_trace.html.erb (3.1ms)
  Rendered /Users/jackwang/.rbenv/versions/2.6.6/lib/ruby/gems/2.6.0/gems/actionpack-4.2.10/lib/action_dispatch/middleware/templates/rescues/_request_and_response.html.erb (0.8ms)
  Rendered /Users/jackwang/.rbenv/versions/2.6.6/lib/ruby/gems/2.6.0/gems/actionpack-4.2.10/lib/action_dispatch/middleware/templates/rescues/template_error.html.erb within rescues/layout (19.0ms)


Started GET "/users/new" for 127.0.0.1 at 2022-10-29 09:40:41 -0400
Processing by UsersController#new as HTML
  Rendered users/new.html.erb within layouts/application (11.8ms)
Completed 500 Internal Server Error in 23ms (ActiveRecord: 0.0ms)

ActionView::Template::Error (Invalid CSS after "...              .": expected "{", was ""):
    2: <html lang="en">
    3:   <head>
    4:     <title>Blog</title>
    5:     <%= stylesheet_link_tag    'application', media: 'all', 'data-turbolinks-track' => true %>
    6:     <%= javascript_include_tag 'application', 'data-turbolinks-track' => true %>
    7:     <%= csrf_meta_tags %>
    8:   </head>
  app/assets/stylesheets/users.scss:50
  app/views/layouts/application.html.erb:5:in `_app_views_layouts_application_html_erb___243511974223029817_2185441720'


  Rendered /Users/jackwang/.rbenv/versions/2.6.6/lib/ruby/gems/2.6.0/gems/actionpack-4.2.10/lib/action_dispatch/middleware/templates/rescues/_source.erb (7.2ms)
  Rendered /Users/jackwang/.rbenv/versions/2.6.6/lib/ruby/gems/2.6.0/gems/actionpack-4.2.10/lib/action_dispatch/middleware/templates/rescues/_trace.html.erb (2.5ms)
  Rendered /Users/jackwang/.rbenv/versions/2.6.6/lib/ruby/gems/2.6.0/gems/actionpack-4.2.10/lib/action_dispatch/middleware/templates/rescues/_request_and_response.html.erb (0.6ms)
  Rendered /Users/jackwang/.rbenv/versions/2.6.6/lib/ruby/gems/2.6.0/gems/actionpack-4.2.10/lib/action_dispatch/middleware/templates/rescues/template_error.html.erb within rescues/layout (15.2ms)


Started GET "/users/new" for 127.0.0.1 at 2022-10-29 09:41:13 -0400
Processing by UsersController#new as HTML
  Rendered users/new.html.erb within layouts/application (14.4ms)
Completed 500 Internal Server Error in 42ms (ActiveRecord: 0.0ms)

ActionView::Template::Error (Invalid CSS after "...              .": expected "{", was ""):
    2: <html lang="en">
    3:   <head>
    4:     <title>Blog</title>
    5:     <%= stylesheet_link_tag    'application', media: 'all', 'data-turbolinks-track' => true %>
    6:     <%= javascript_include_tag 'application', 'data-turbolinks-track' => true %>
    7:     <%= csrf_meta_tags %>
    8:   </head>
  app/assets/stylesheets/users.scss:50
  app/views/layouts/application.html.erb:5:in `_app_views_layouts_application_html_erb___243511974223029817_2185441720'


  Rendered /Users/jackwang/.rbenv/versions/2.6.6/lib/ruby/gems/2.6.0/gems/actionpack-4.2.10/lib/action_dispatch/middleware/templates/rescues/_source.erb (8.2ms)
  Rendered /Users/jackwang/.rbenv/versions/2.6.6/lib/ruby/gems/2.6.0/gems/actionpack-4.2.10/lib/action_dispatch/middleware/templates/rescues/_trace.html.erb (2.9ms)
  Rendered /Users/jackwang/.rbenv/versions/2.6.6/lib/ruby/gems/2.6.0/gems/actionpack-4.2.10/lib/action_dispatch/middleware/templates/rescues/_request_and_response.html.erb (0.8ms)
  Rendered /Users/jackwang/.rbenv/versions/2.6.6/lib/ruby/gems/2.6.0/gems/actionpack-4.2.10/lib/action_dispatch/middleware/templates/rescues/template_error.html.erb within rescues/layout (18.4ms)


Started GET "/users/new" for 127.0.0.1 at 2022-10-29 09:41:14 -0400
Processing by UsersController#new as HTML
  Rendered users/new.html.erb within layouts/application (12.6ms)
Completed 500 Internal Server Error in 34ms (ActiveRecord: 0.0ms)

ActionView::Template::Error (Invalid CSS after "...              .": expected "{", was ""):
    2: <html lang="en">
    3:   <head>
    4:     <title>Blog</title>
    5:     <%= stylesheet_link_tag    'application', media: 'all', 'data-turbolinks-track' => true %>
    6:     <%= javascript_include_tag 'application', 'data-turbolinks-track' => true %>
    7:     <%= csrf_meta_tags %>
    8:   </head>
  app/assets/stylesheets/users.scss:50
  app/views/layouts/application.html.erb:5:in `_app_views_layouts_application_html_erb___243511974223029817_2185441720'


  Rendered /Users/jackwang/.rbenv/versions/2.6.6/lib/ruby/gems/2.6.0/gems/actionpack-4.2.10/lib/action_dispatch/middleware/templates/rescues/_source.erb (7.3ms)
  Rendered /Users/jackwang/.rbenv/versions/2.6.6/lib/ruby/gems/2.6.0/gems/actionpack-4.2.10/lib/action_dispatch/middleware/templates/rescues/_trace.html.erb (2.5ms)
  Rendered /Users/jackwang/.rbenv/versions/2.6.6/lib/ruby/gems/2.6.0/gems/actionpack-4.2.10/lib/action_dispatch/middleware/templates/rescues/_request_and_response.html.erb (0.6ms)
  Rendered /Users/jackwang/.rbenv/versions/2.6.6/lib/ruby/gems/2.6.0/gems/actionpack-4.2.10/lib/action_dispatch/middleware/templates/rescues/template_error.html.erb within rescues/layout (15.3ms)


Started GET "/users/new" for 127.0.0.1 at 2022-10-29 09:41:37 -0400
Processing by UsersController#new as HTML
  Rendered users/new.html.erb within layouts/application (13.0ms)
Completed 500 Internal Server Error in 38ms (ActiveRecord: 0.0ms)

ActionView::Template::Error (Invalid CSS after "...              .": expected "{", was ""):
    2: <html lang="en">
    3:   <head>
    4:     <title>Blog</title>
    5:     <%= stylesheet_link_tag    'application', media: 'all', 'data-turbolinks-track' => true %>
    6:     <%= javascript_include_tag 'application', 'data-turbolinks-track' => true %>
    7:     <%= csrf_meta_tags %>
    8:   </head>
  app/assets/stylesheets/users.scss:50
  app/views/layouts/application.html.erb:5:in `_app_views_layouts_application_html_erb___243511974223029817_2185441720'


  Rendered /Users/jackwang/.rbenv/versions/2.6.6/lib/ruby/gems/2.6.0/gems/actionpack-4.2.10/lib/action_dispatch/middleware/templates/rescues/_source.erb (7.5ms)
  Rendered /Users/jackwang/.rbenv/versions/2.6.6/lib/ruby/gems/2.6.0/gems/actionpack-4.2.10/lib/action_dispatch/middleware/templates/rescues/_trace.html.erb (2.7ms)
  Rendered /Users/jackwang/.rbenv/versions/2.6.6/lib/ruby/gems/2.6.0/gems/actionpack-4.2.10/lib/action_dispatch/middleware/templates/rescues/_request_and_response.html.erb (0.7ms)
  Rendered /Users/jackwang/.rbenv/versions/2.6.6/lib/ruby/gems/2.6.0/gems/actionpack-4.2.10/lib/action_dispatch/middleware/templates/rescues/template_error.html.erb within rescues/layout (18.1ms)


Started GET "/users/new" for 127.0.0.1 at 2022-10-29 09:41:37 -0400
Processing by UsersController#new as HTML
  Rendered users/new.html.erb within layouts/application (14.5ms)
Completed 500 Internal Server Error in 36ms (ActiveRecord: 0.0ms)

ActionView::Template::Error (Invalid CSS after "...              .": expected "{", was ""):
    2: <html lang="en">
    3:   <head>
    4:     <title>Blog</title>
    5:     <%= stylesheet_link_tag    'application', media: 'all', 'data-turbolinks-track' => true %>
    6:     <%= javascript_include_tag 'application', 'data-turbolinks-track' => true %>
    7:     <%= csrf_meta_tags %>
    8:   </head>
  app/assets/stylesheets/users.scss:50
  app/views/layouts/application.html.erb:5:in `_app_views_layouts_application_html_erb___243511974223029817_2185441720'


  Rendered /Users/jackwang/.rbenv/versions/2.6.6/lib/ruby/gems/2.6.0/gems/actionpack-4.2.10/lib/action_dispatch/middleware/templates/rescues/_source.erb (7.4ms)
  Rendered /Users/jackwang/.rbenv/versions/2.6.6/lib/ruby/gems/2.6.0/gems/actionpack-4.2.10/lib/action_dispatch/middleware/templates/rescues/_trace.html.erb (2.5ms)
  Rendered /Users/jackwang/.rbenv/versions/2.6.6/lib/ruby/gems/2.6.0/gems/actionpack-4.2.10/lib/action_dispatch/middleware/templates/rescues/_request_and_response.html.erb (0.6ms)
  Rendered /Users/jackwang/.rbenv/versions/2.6.6/lib/ruby/gems/2.6.0/gems/actionpack-4.2.10/lib/action_dispatch/middleware/templates/rescues/template_error.html.erb within rescues/layout (15.3ms)


Started GET "/users/new" for 127.0.0.1 at 2022-10-29 09:42:30 -0400
Processing by UsersController#new as HTML
  Rendered users/new.html.erb within layouts/application (20.0ms)
Completed 500 Internal Server Error in 53ms (ActiveRecord: 0.0ms)

ActionView::Template::Error (Invalid CSS after "...              .": expected "{", was ""):
    2: <html lang="en">
    3:   <head>
    4:     <title>Blog</title>
    5:     <%= stylesheet_link_tag    'application', media: 'all', 'data-turbolinks-track' => true %>
    6:     <%= javascript_include_tag 'application', 'data-turbolinks-track' => true %>
    7:     <%= csrf_meta_tags %>
    8:   </head>
  app/assets/stylesheets/users.scss:50
  app/views/layouts/application.html.erb:5:in `_app_views_layouts_application_html_erb___243511974223029817_2185441720'


  Rendered /Users/jackwang/.rbenv/versions/2.6.6/lib/ruby/gems/2.6.0/gems/actionpack-4.2.10/lib/action_dispatch/middleware/templates/rescues/_source.erb (7.9ms)
  Rendered /Users/jackwang/.rbenv/versions/2.6.6/lib/ruby/gems/2.6.0/gems/actionpack-4.2.10/lib/action_dispatch/middleware/templates/rescues/_trace.html.erb (2.8ms)
  Rendered /Users/jackwang/.rbenv/versions/2.6.6/lib/ruby/gems/2.6.0/gems/actionpack-4.2.10/lib/action_dispatch/middleware/templates/rescues/_request_and_response.html.erb (0.7ms)
  Rendered /Users/jackwang/.rbenv/versions/2.6.6/lib/ruby/gems/2.6.0/gems/actionpack-4.2.10/lib/action_dispatch/middleware/templates/rescues/template_error.html.erb within rescues/layout (17.5ms)


Started GET "/users/new" for 127.0.0.1 at 2022-10-29 09:42:56 -0400
Processing by UsersController#new as HTML
  Rendered users/new.html.erb within layouts/application (14.9ms)
Completed 500 Internal Server Error in 35ms (ActiveRecord: 0.0ms)

ActionView::Template::Error (Invalid CSS after "...              .": expected "{", was ""):
    2: <html lang="en">
    3:   <head>
    4:     <title>Blog</title>
    5:     <%= stylesheet_link_tag    'application', media: 'all', 'data-turbolinks-track' => true %>
    6:     <%= javascript_include_tag 'application', 'data-turbolinks-track' => true %>
    7:     <%= csrf_meta_tags %>
    8:   </head>
  app/assets/stylesheets/users.scss:50
  app/views/layouts/application.html.erb:5:in `_app_views_layouts_application_html_erb___243511974223029817_2185441720'


  Rendered /Users/jackwang/.rbenv/versions/2.6.6/lib/ruby/gems/2.6.0/gems/actionpack-4.2.10/lib/action_dispatch/middleware/templates/rescues/_source.erb (8.2ms)
  Rendered /Users/jackwang/.rbenv/versions/2.6.6/lib/ruby/gems/2.6.0/gems/actionpack-4.2.10/lib/action_dispatch/middleware/templates/rescues/_trace.html.erb (2.8ms)
  Rendered /Users/jackwang/.rbenv/versions/2.6.6/lib/ruby/gems/2.6.0/gems/actionpack-4.2.10/lib/action_dispatch/middleware/templates/rescues/_request_and_response.html.erb (0.8ms)
  Rendered /Users/jackwang/.rbenv/versions/2.6.6/lib/ruby/gems/2.6.0/gems/actionpack-4.2.10/lib/action_dispatch/middleware/templates/rescues/template_error.html.erb within rescues/layout (18.6ms)


Started GET "/users/new" for 127.0.0.1 at 2022-10-29 09:45:19 -0400
Processing by UsersController#new as HTML
  Rendered users/new.html.erb within layouts/application (14.9ms)
Completed 200 OK in 64ms (Views: 60.8ms | ActiveRecord: 0.0ms)


Started GET "/users/new" for 127.0.0.1 at 2022-10-29 09:45:47 -0400
Processing by UsersController#new as HTML
  Rendered users/new.html.erb within layouts/application (12.7ms)
Completed 200 OK in 60ms (Views: 58.8ms | ActiveRecord: 0.0ms)


Started GET "/assets/users.self-caf46d8738431df4782b72324de653b9e47535e45d1d67ec7a25b5590be1dcb1.css?body=1" for 127.0.0.1 at 2022-10-29 09:45:47 -0400


Started GET "/users/new" for 127.0.0.1 at 2022-10-29 09:47:05 -0400
Processing by UsersController#new as HTML
  Rendered users/new.html.erb within layouts/application (7.0ms)
Completed 200 OK in 63ms (Views: 54.8ms | ActiveRecord: 0.0ms)


Started GET "/assets/users.self-e7d2989db761143f031b3e205346b70332366c7d7959078a26006fbd2d6b34d4.css?body=1" for 127.0.0.1 at 2022-10-29 09:47:05 -0400


Started POST "/users" for 127.0.0.1 at 2022-10-29 09:48:11 -0400
Processing by UsersController#create as HTML
  Parameters: {"utf8"=>"✓", "authenticity_token"=>"tnoIhUUMCwb3YzHyR1hODCae8BULZcUbs5k+WNY4AXzyvTlPYmCx+6tlvotyo0G3Q7rrOYuOEDUhOX8K6MDm8Q==", "user"=>{"phone"=>"1111", "password"=>"[FILTERED]", "name"=>"111111", "gender"=>"1111324", "sexuality"=>"41234134", "birthday"=>"2022-10-07T09:47", "location"=>"31324", "education"=>"undergradute", "height"=>"41324", "profile_photo"=>"url", "created_time"=>"2022-10-21T09:48"}, "commit"=>"Create"}
  [1m[35m (0.3ms)[0m  begin transaction
  [1m[36mSQL (2.6ms)[0m  [1mINSERT INTO "users" ("phone", "password", "name", "gender", "sexuality", "birthday", "location", "education", "height", "profile_photo", "created_time") VALUES (?, ?, ?, ?, ?, ?, ?, ?, ?, ?, ?)[0m  [["phone", "1111"], ["password", "11111"], ["name", "111111"], ["gender", "1111324"], ["sexuality", "41234134"], ["birthday", "2022-10-07 09:47:00.000000"], ["location", "31324"], ["education", "undergradute"], ["height", "41324"], ["profile_photo", "url"], ["created_time", "2022-10-21 09:48:00.000000"]]
  [1m[35m (1.2ms)[0m  commit transaction
Redirected to http://0.0.0.0:3000/users/4
Completed 302 Found in 16ms (ActiveRecord: 4.1ms)


Started GET "/users/4" for 127.0.0.1 at 2022-10-29 09:48:11 -0400
Processing by UsersController#show as HTML
  Parameters: {"id"=>"4"}
  [1m[36mUser Load (0.1ms)[0m  [1mSELECT  "users".* FROM "users" WHERE "users"."uid" = ? LIMIT 1[0m  [["uid", 4]]
  Rendered users/show.html.erb within layouts/application (1.3ms)
Completed 200 OK in 18ms (Views: 16.9ms | ActiveRecord: 0.1ms)


Started GET "/users/new" for 127.0.0.1 at 2022-10-29 09:50:19 -0400
Processing by UsersController#new as HTML
  Rendered users/new.html.erb within layouts/application (9.6ms)
Completed 200 OK in 44ms (Views: 41.0ms | ActiveRecord: 0.0ms)


Started POST "/users" for 127.0.0.1 at 2022-10-29 09:51:42 -0400
Processing by UsersController#create as HTML
  Parameters: {"utf8"=>"✓", "authenticity_token"=>"tMfruKSE0JepMGTCuRVcD0wYoZ41Kpqzvg+0qBZnccDwANpyg+hqavU267uM7lO0KTy6srXBT50sr/X6KJ+WTQ==", "user"=>{"phone"=>"111-111-1111", "password"=>"[FILTERED]", "name"=>"Jack", "gender"=>"Male", "sexuality"=>"452", "birthday"=>"2022-10-28T09:51", "location"=>"New York", "education"=>"undergradute", "height"=>"8328324", "profile_photo"=>"www.google.com", "created_time"=>"2022-10-29T09:51"}, "commit"=>"Create"}
  [1m[35m (0.3ms)[0m  begin transaction
  [1m[36mSQL (0.6ms)[0m  [1mINSERT INTO "users" ("phone", "password", "name", "gender", "sexuality", "birthday", "location", "education", "height", "profile_photo", "created_time") VALUES (?, ?, ?, ?, ?, ?, ?, ?, ?, ?, ?)[0m  [["phone", "111-111-1111"], ["password", "111111"], ["name", "Jack"], ["gender", "Male"], ["sexuality", "452"], ["birthday", "2022-10-28 09:51:00.000000"], ["location", "New York"], ["education", "undergradute"], ["height", "8328324"], ["profile_photo", "www.google.com"], ["created_time", "2022-10-29 09:51:00.000000"]]
  [1m[35m (2.4ms)[0m  commit transaction
Redirected to http://0.0.0.0:3000/users/5
Completed 302 Found in 14ms (ActiveRecord: 3.3ms)


Started GET "/users/5" for 127.0.0.1 at 2022-10-29 09:51:42 -0400
Processing by UsersController#show as HTML
  Parameters: {"id"=>"5"}
  [1m[36mUser Load (0.1ms)[0m  [1mSELECT  "users".* FROM "users" WHERE "users"."uid" = ? LIMIT 1[0m  [["uid", 5]]
  Rendered users/show.html.erb within layouts/application (1.3ms)
Completed 200 OK in 19ms (Views: 17.7ms | ActiveRecord: 0.1ms)
